[M::bwa_idx_load_from_disk] read 0 ALT contigs
[M::process] read 104718 sequences (10000214 bp)...
[M::process] read 104410 sequences (10000043 bp)...
[M::mem_pestat] # candidate unique pairs for (FF, FR, RF, RR): (0, 28340, 2, 0)
[M::mem_pestat] skip orientation FF as there are not enough pairs
[M::mem_pestat] analyzing insert size distribution for orientation FR...
[M::mem_pestat] (25, 50, 75) percentile: (227, 242, 247)
[M::mem_pestat] low and high boundaries for computing mean and std.dev: (187, 287)
[M::mem_pestat] mean and std.dev: (239.00, 12.81)
[M::mem_pestat] low and high boundaries for proper pairs: (167, 307)
[M::mem_pestat] skip orientation RF as there are not enough pairs
[M::mem_pestat] skip orientation RR as there are not enough pairs
[M::mem_process_seqs] Processed 104718 reads in 1.789 CPU sec, 1.672 real sec
[M::process] read 104310 sequences (10000298 bp)...
[M::mem_pestat] # candidate unique pairs for (FF, FR, RF, RR): (0, 28346, 3, 0)
[M::mem_pestat] skip orientation FF as there are not enough pairs
[M::mem_pestat] analyzing insert size distribution for orientation FR...
[M::mem_pestat] (25, 50, 75) percentile: (227, 242, 247)
[M::mem_pestat] low and high boundaries for computing mean and std.dev: (187, 287)
[M::mem_pestat] mean and std.dev: (239.03, 12.90)
[M::mem_pestat] low and high boundaries for proper pairs: (167, 307)
[M::mem_pestat] skip orientation RF as there are not enough pairs
[M::mem_pestat] skip orientation RR as there are not enough pairs
[M::mem_process_seqs] Processed 104410 reads in 2.005 CPU sec, 1.809 real sec
[M::process] read 104920 sequences (10000054 bp)...
[M::mem_pestat] # candidate unique pairs for (FF, FR, RF, RR): (0, 28362, 6, 0)
[M::mem_pestat] skip orientation FF as there are not enough pairs
[M::mem_pestat] analyzing insert size distribution for orientation FR...
[M::mem_pestat] (25, 50, 75) percentile: (227, 242, 247)
[M::mem_pestat] low and high boundaries for computing mean and std.dev: (187, 287)
[M::mem_pestat] mean and std.dev: (239.03, 12.81)
[M::mem_pestat] low and high boundaries for proper pairs: (167, 307)
[M::mem_pestat] skip orientation RF as there are not enough pairs
[M::mem_pestat] skip orientation RR as there are not enough pairs
[M::mem_process_seqs] Processed 104310 reads in 1.902 CPU sec, 1.705 real sec
[M::process] read 104746 sequences (10000047 bp)...
[M::mem_pestat] # candidate unique pairs for (FF, FR, RF, RR): (0, 28388, 0, 0)
[M::mem_pestat] skip orientation FF as there are not enough pairs
[M::mem_pestat] analyzing insert size distribution for orientation FR...
[M::mem_pestat] (25, 50, 75) percentile: (227, 242, 247)
[M::mem_pestat] low and high boundaries for computing mean and std.dev: (187, 287)
[M::mem_pestat] mean and std.dev: (239.03, 12.87)
[M::mem_pestat] low and high boundaries for proper pairs: (167, 307)
[M::mem_pestat] skip orientation RF as there are not enough pairs
[M::mem_pestat] skip orientation RR as there are not enough pairs
[M::mem_process_seqs] Processed 104920 reads in 1.845 CPU sec, 1.659 real sec
[M::process] read 104068 sequences (10000165 bp)...
[M::mem_pestat] # candidate unique pairs for (FF, FR, RF, RR): (0, 28418, 0, 0)
[M::mem_pestat] skip orientation FF as there are not enough pairs
[M::mem_pestat] analyzing insert size distribution for orientation FR...
[M::mem_pestat] (25, 50, 75) percentile: (227, 242, 247)
[M::mem_pestat] low and high boundaries for computing mean and std.dev: (187, 287)
[M::mem_pestat] mean and std.dev: (238.97, 12.83)
[M::mem_pestat] low and high boundaries for proper pairs: (167, 307)
[M::mem_pestat] skip orientation RF as there are not enough pairs
[M::mem_pestat] skip orientation RR as there are not enough pairs
[M::mem_process_seqs] Processed 104746 reads in 1.813 CPU sec, 1.642 real sec
[M::process] read 102512 sequences (10000090 bp)...
[M::mem_pestat] # candidate unique pairs for (FF, FR, RF, RR): (0, 28377, 5, 0)
[M::mem_pestat] skip orientation FF as there are not enough pairs
[M::mem_pestat] analyzing insert size distribution for orientation FR...
[M::mem_pestat] (25, 50, 75) percentile: (227, 242, 247)
[M::mem_pestat] low and high boundaries for computing mean and std.dev: (187, 287)
[M::mem_pestat] mean and std.dev: (239.00, 12.92)
[M::mem_pestat] low and high boundaries for proper pairs: (167, 307)
[M::mem_pestat] skip orientation RF as there are not enough pairs
[M::mem_pestat] skip orientation RR as there are not enough pairs
[M::mem_process_seqs] Processed 104068 reads in 1.768 CPU sec, 1.594 real sec
[M::process] read 102942 sequences (10000132 bp)...
[M::mem_pestat] # candidate unique pairs for (FF, FR, RF, RR): (0, 28552, 1, 0)
[M::mem_pestat] skip orientation FF as there are not enough pairs
[M::mem_pestat] analyzing insert size distribution for orientation FR...
[M::mem_pestat] (25, 50, 75) percentile: (227, 242, 247)
[M::mem_pestat] low and high boundaries for computing mean and std.dev: (187, 287)
[M::mem_pestat] mean and std.dev: (239.01, 12.88)
[M::mem_pestat] low and high boundaries for proper pairs: (167, 307)
[M::mem_pestat] skip orientation RF as there are not enough pairs
[M::mem_pestat] skip orientation RR as there are not enough pairs
[M::mem_process_seqs] Processed 102512 reads in 1.790 CPU sec, 1.625 real sec
[M::process] read 102494 sequences (10000034 bp)...
[M::mem_pestat] # candidate unique pairs for (FF, FR, RF, RR): (0, 28564, 1, 0)
[M::mem_pestat] skip orientation FF as there are not enough pairs
[M::mem_pestat] analyzing insert size distribution for orientation FR...
[M::mem_pestat] (25, 50, 75) percentile: (227, 242, 247)
[M::mem_pestat] low and high boundaries for computing mean and std.dev: (187, 287)
[M::mem_pestat] mean and std.dev: (238.94, 12.94)
[M::mem_pestat] low and high boundaries for proper pairs: (167, 307)
[M::mem_pestat] skip orientation RF as there are not enough pairs
[M::mem_pestat] skip orientation RR as there are not enough pairs
[M::mem_process_seqs] Processed 102942 reads in 1.753 CPU sec, 1.573 real sec
[M::process] read 102524 sequences (10000286 bp)...
[M::mem_pestat] # candidate unique pairs for (FF, FR, RF, RR): (0, 28569, 3, 0)
[M::mem_pestat] skip orientation FF as there are not enough pairs
[M::mem_pestat] analyzing insert size distribution for orientation FR...
[M::mem_pestat] (25, 50, 75) percentile: (227, 242, 247)
[M::mem_pestat] low and high boundaries for computing mean and std.dev: (187, 287)
[M::mem_pestat] mean and std.dev: (239.00, 12.98)
[M::mem_pestat] low and high boundaries for proper pairs: (167, 307)
[M::mem_pestat] skip orientation RF as there are not enough pairs
[M::mem_pestat] skip orientation RR as there are not enough pairs
[M::mem_process_seqs] Processed 102494 reads in 1.764 CPU sec, 1.589 real sec
[M::process] read 58476 sequences (5686885 bp)...
[M::mem_pestat] # candidate unique pairs for (FF, FR, RF, RR): (0, 28681, 3, 0)
[M::mem_pestat] skip orientation FF as there are not enough pairs
[M::mem_pestat] analyzing insert size distribution for orientation FR...
[M::mem_pestat] (25, 50, 75) percentile: (227, 242, 247)
[M::mem_pestat] low and high boundaries for computing mean and std.dev: (187, 287)
[M::mem_pestat] mean and std.dev: (239.09, 12.80)
[M::mem_pestat] low and high boundaries for proper pairs: (167, 307)
[M::mem_pestat] skip orientation RF as there are not enough pairs
[M::mem_pestat] skip orientation RR as there are not enough pairs
[M::mem_process_seqs] Processed 102524 reads in 1.744 CPU sec, 1.796 real sec
[M::mem_pestat] # candidate unique pairs for (FF, FR, RF, RR): (0, 16246, 1, 0)
[M::mem_pestat] skip orientation FF as there are not enough pairs
[M::mem_pestat] analyzing insert size distribution for orientation FR...
[M::mem_pestat] (25, 50, 75) percentile: (227, 242, 247)
[M::mem_pestat] low and high boundaries for computing mean and std.dev: (187, 287)
[M::mem_pestat] mean and std.dev: (238.96, 12.94)
[M::mem_pestat] low and high boundaries for proper pairs: (167, 307)
[M::mem_pestat] skip orientation RF as there are not enough pairs
[M::mem_pestat] skip orientation RR as there are not enough pairs
[M::mem_process_seqs] Processed 58476 reads in 0.989 CPU sec, 0.953 real sec
[main] Version: 0.7.18-r1243-dirty
[main] CMD: bwa mem rCRS.fasta Ctr-1-10_S11_L001_R1_001.fastq.gz Ctr-1-10_S11_L001_R2_001.fastq.gz
[main] Real time: 18.651 sec; CPU: 19.390 sec
